<?xml version="1.0" encoding="UTF-8"?>
<testsuite xmlns:xsi="http://www.w3.org/2001/XMLSchema-instance" xsi:noNamespaceSchemaLocation="https://maven.apache.org/surefire/maven-surefire-plugin/xsd/surefire-test-report.xsd" name="TestSuite" time="1.749" tests="3" errors="0" skipped="3" failures="0">
  <properties>
    <property name="java.specification.version" value="15"/>
    <property name="sun.jnu.encoding" value="UTF-8"/>
    <property name="java.class.path" value="/Users/urvashimehta/eclipse-workspace/TestNGSessions/target/test-classes:/Users/urvashimehta/eclipse-workspace/TestNGSessions/target/classes:/Users/urvashimehta/.m2/repository/org/seleniumhq/selenium/selenium-server/4.0.0-alpha-2/selenium-server-4.0.0-alpha-2.jar:/Users/urvashimehta/.m2/repository/org/seleniumhq/selenium/selenium-java/4.0.0-alpha-2/selenium-java-4.0.0-alpha-2.jar:/Users/urvashimehta/.m2/repository/org/seleniumhq/selenium/selenium-edgehtml-driver/4.0.0-alpha-2/selenium-edgehtml-driver-4.0.0-alpha-2.jar:/Users/urvashimehta/.m2/repository/org/seleniumhq/selenium/selenium-edge-driver/4.0.0-alpha-2/selenium-edge-driver-4.0.0-alpha-2.jar:/Users/urvashimehta/.m2/repository/org/seleniumhq/selenium/selenium-firefox-xpi-driver/4.0.0-alpha-2/selenium-firefox-xpi-driver-4.0.0-alpha-2.jar:/Users/urvashimehta/.m2/repository/org/seleniumhq/selenium/selenium-ie-driver/4.0.0-alpha-2/selenium-ie-driver-4.0.0-alpha-2.jar:/Users/urvashimehta/.m2/repository/org/seleniumhq/selenium/selenium-opera-driver/4.0.0-alpha-2/selenium-opera-driver-4.0.0-alpha-2.jar:/Users/urvashimehta/.m2/repository/org/seleniumhq/selenium/selenium-safari-driver/4.0.0-alpha-2/selenium-safari-driver-4.0.0-alpha-2.jar:/Users/urvashimehta/.m2/repository/org/seleniumhq/selenium/grid/4.0.0-alpha-2/grid-4.0.0-alpha-2.jar:/Users/urvashimehta/.m2/repository/org/seleniumhq/selenium/jetty-repacked/9.4.12.v20180830.1/jetty-repacked-9.4.12.v20180830.1.jar:/Users/urvashimehta/.m2/repository/javax/servlet/javax.servlet-api/3.1.0/javax.servlet-api-3.1.0.jar:/Users/urvashimehta/.m2/repository/org/zeromq/jeromq/0.5.1/jeromq-0.5.1.jar:/Users/urvashimehta/.m2/repository/eu/neilalexander/jnacl/1.0.0/jnacl-1.0.0.jar:/Users/urvashimehta/.m2/repository/net/jcip/jcip-annotations/1.0/jcip-annotations-1.0.jar:/Users/urvashimehta/.m2/repository/org/yaml/snakeyaml/1.24/snakeyaml-1.24.jar:/Users/urvashimehta/.m2/repository/org/seleniumhq/selenium/selenium-chrome-driver/4.0.0-alpha-7/selenium-chrome-driver-4.0.0-alpha-7.jar:/Users/urvashimehta/.m2/repository/com/google/auto/service/auto-service-annotations/1.0-rc7/auto-service-annotations-1.0-rc7.jar:/Users/urvashimehta/.m2/repository/com/google/auto/service/auto-service/1.0-rc7/auto-service-1.0-rc7.jar:/Users/urvashimehta/.m2/repository/com/google/auto/auto-common/0.10/auto-common-0.10.jar:/Users/urvashimehta/.m2/repository/com/google/guava/guava/30.0-jre/guava-30.0-jre.jar:/Users/urvashimehta/.m2/repository/com/google/guava/failureaccess/1.0.1/failureaccess-1.0.1.jar:/Users/urvashimehta/.m2/repository/com/google/guava/listenablefuture/9999.0-empty-to-avoid-conflict-with-guava/listenablefuture-9999.0-empty-to-avoid-conflict-with-guava.jar:/Users/urvashimehta/.m2/repository/com/google/code/findbugs/jsr305/3.0.2/jsr305-3.0.2.jar:/Users/urvashimehta/.m2/repository/org/checkerframework/checker-qual/3.5.0/checker-qual-3.5.0.jar:/Users/urvashimehta/.m2/repository/com/google/errorprone/error_prone_annotations/2.3.4/error_prone_annotations-2.3.4.jar:/Users/urvashimehta/.m2/repository/com/google/j2objc/j2objc-annotations/1.3/j2objc-annotations-1.3.jar:/Users/urvashimehta/.m2/repository/org/seleniumhq/selenium/selenium-api/4.0.0-alpha-7/selenium-api-4.0.0-alpha-7.jar:/Users/urvashimehta/.m2/repository/org/seleniumhq/selenium/selenium-chromium-driver/4.0.0-alpha-7/selenium-chromium-driver-4.0.0-alpha-7.jar:/Users/urvashimehta/.m2/repository/org/seleniumhq/selenium/selenium-devtools/4.0.0-alpha-7/selenium-devtools-4.0.0-alpha-7.jar:/Users/urvashimehta/.m2/repository/org/seleniumhq/selenium/selenium-http/4.0.0-alpha-7/selenium-http-4.0.0-alpha-7.jar:/Users/urvashimehta/.m2/repository/org/seleniumhq/selenium/selenium-json/4.0.0-alpha-7/selenium-json-4.0.0-alpha-7.jar:/Users/urvashimehta/.m2/repository/org/seleniumhq/selenium/selenium-remote-driver/4.0.0-alpha-7/selenium-remote-driver-4.0.0-alpha-7.jar:/Users/urvashimehta/.m2/repository/com/typesafe/netty/netty-reactive-streams/2.0.4/netty-reactive-streams-2.0.4.jar:/Users/urvashimehta/.m2/repository/io/netty/netty-handler/4.1.43.Final/netty-handler-4.1.43.Final.jar:/Users/urvashimehta/.m2/repository/org/reactivestreams/reactive-streams/1.0.3/reactive-streams-1.0.3.jar:/Users/urvashimehta/.m2/repository/io/grpc/grpc-context/1.32.1/grpc-context-1.32.1.jar:/Users/urvashimehta/.m2/repository/io/netty/netty-buffer/4.1.53.Final/netty-buffer-4.1.53.Final.jar:/Users/urvashimehta/.m2/repository/io/netty/netty-codec-http/4.1.53.Final/netty-codec-http-4.1.53.Final.jar:/Users/urvashimehta/.m2/repository/io/netty/netty-codec/4.1.53.Final/netty-codec-4.1.53.Final.jar:/Users/urvashimehta/.m2/repository/io/netty/netty-common/4.1.53.Final/netty-common-4.1.53.Final.jar:/Users/urvashimehta/.m2/repository/io/netty/netty-transport-native-epoll/4.1.53.Final/netty-transport-native-epoll-4.1.53.Final.jar:/Users/urvashimehta/.m2/repository/io/netty/netty-transport-native-epoll/4.1.53.Final/netty-transport-native-epoll-4.1.53.Final-linux-x86_64.jar:/Users/urvashimehta/.m2/repository/io/netty/netty-transport-native-kqueue/4.1.53.Final/netty-transport-native-kqueue-4.1.53.Final.jar:/Users/urvashimehta/.m2/repository/io/netty/netty-transport-native-kqueue/4.1.53.Final/netty-transport-native-kqueue-4.1.53.Final-osx-x86_64.jar:/Users/urvashimehta/.m2/repository/io/netty/netty-transport-native-unix-common/4.1.53.Final/netty-transport-native-unix-common-4.1.53.Final.jar:/Users/urvashimehta/.m2/repository/io/netty/netty-transport/4.1.53.Final/netty-transport-4.1.53.Final.jar:/Users/urvashimehta/.m2/repository/io/netty/netty-resolver/4.1.53.Final/netty-resolver-4.1.53.Final.jar:/Users/urvashimehta/.m2/repository/io/opentelemetry/opentelemetry-api/0.9.1/opentelemetry-api-0.9.1.jar:/Users/urvashimehta/.m2/repository/io/opentelemetry/opentelemetry-context-prop/0.9.1/opentelemetry-context-prop-0.9.1.jar:/Users/urvashimehta/.m2/repository/io/opentelemetry/opentelemetry-sdk/0.9.1/opentelemetry-sdk-0.9.1.jar:/Users/urvashimehta/.m2/repository/io/opentelemetry/opentelemetry-sdk-common/0.9.1/opentelemetry-sdk-common-0.9.1.jar:/Users/urvashimehta/.m2/repository/io/opentelemetry/opentelemetry-sdk-baggage/0.9.1/opentelemetry-sdk-baggage-0.9.1.jar:/Users/urvashimehta/.m2/repository/io/opentelemetry/opentelemetry-sdk-metrics/0.9.1/opentelemetry-sdk-metrics-0.9.1.jar:/Users/urvashimehta/.m2/repository/io/opentelemetry/opentelemetry-sdk-tracing/0.9.1/opentelemetry-sdk-tracing-0.9.1.jar:/Users/urvashimehta/.m2/repository/io/projectreactor/netty/reactor-netty-http/1.0.0/reactor-netty-http-1.0.0.jar:/Users/urvashimehta/.m2/repository/io/netty/netty-codec-http2/4.1.53.Final/netty-codec-http2-4.1.53.Final.jar:/Users/urvashimehta/.m2/repository/io/netty/netty-resolver-dns/4.1.53.Final/netty-resolver-dns-4.1.53.Final.jar:/Users/urvashimehta/.m2/repository/io/netty/netty-codec-dns/4.1.53.Final/netty-codec-dns-4.1.53.Final.jar:/Users/urvashimehta/.m2/repository/io/projectreactor/netty/reactor-netty-core/1.0.0/reactor-netty-core-1.0.0.jar:/Users/urvashimehta/.m2/repository/io/projectreactor/netty/reactor-netty/1.0.0/reactor-netty-1.0.0.jar:/Users/urvashimehta/.m2/repository/io/projectreactor/netty/reactor-netty-http-brave/1.0.0/reactor-netty-http-brave-1.0.0.jar:/Users/urvashimehta/.m2/repository/io/zipkin/brave/brave-instrumentation-http/5.12.7/brave-instrumentation-http-5.12.7.jar:/Users/urvashimehta/.m2/repository/io/zipkin/brave/brave/5.12.7/brave-5.12.7.jar:/Users/urvashimehta/.m2/repository/io/zipkin/reporter2/zipkin-reporter-brave/2.15.2/zipkin-reporter-brave-2.15.2.jar:/Users/urvashimehta/.m2/repository/io/zipkin/reporter2/zipkin-reporter/2.15.2/zipkin-reporter-2.15.2.jar:/Users/urvashimehta/.m2/repository/io/zipkin/zipkin2/zipkin/2.21.7/zipkin-2.21.7.jar:/Users/urvashimehta/.m2/repository/io/projectreactor/reactor-core/3.4.0/reactor-core-3.4.0.jar:/Users/urvashimehta/.m2/repository/net/bytebuddy/byte-buddy/1.10.18/byte-buddy-1.10.18.jar:/Users/urvashimehta/.m2/repository/org/apache/commons/commons-exec/1.3/commons-exec-1.3.jar:/Users/urvashimehta/.m2/repository/org/asynchttpclient/async-http-client/2.12.1/async-http-client-2.12.1.jar:/Users/urvashimehta/.m2/repository/org/asynchttpclient/async-http-client-netty-utils/2.12.1/async-http-client-netty-utils-2.12.1.jar:/Users/urvashimehta/.m2/repository/io/netty/netty-codec-socks/4.1.48.Final/netty-codec-socks-4.1.48.Final.jar:/Users/urvashimehta/.m2/repository/io/netty/netty-handler-proxy/4.1.48.Final/netty-handler-proxy-4.1.48.Final.jar:/Users/urvashimehta/.m2/repository/com/sun/activation/javax.activation/1.2.0/javax.activation-1.2.0.jar:/Users/urvashimehta/.m2/repository/io/appium/java-client/7.4.1/java-client-7.4.1.jar:/Users/urvashimehta/.m2/repository/org/seleniumhq/selenium/selenium-support/3.141.59/selenium-support-3.141.59.jar:/Users/urvashimehta/.m2/repository/com/squareup/okhttp3/okhttp/3.11.0/okhttp-3.11.0.jar:/Users/urvashimehta/.m2/repository/com/squareup/okio/okio/1.14.0/okio-1.14.0.jar:/Users/urvashimehta/.m2/repository/com/google/code/gson/gson/2.8.6/gson-2.8.6.jar:/Users/urvashimehta/.m2/repository/org/apache/httpcomponents/httpclient/4.5.13/httpclient-4.5.13.jar:/Users/urvashimehta/.m2/repository/org/apache/httpcomponents/httpcore/4.4.13/httpcore-4.4.13.jar:/Users/urvashimehta/.m2/repository/commons-logging/commons-logging/1.2/commons-logging-1.2.jar:/Users/urvashimehta/.m2/repository/cglib/cglib/3.3.0/cglib-3.3.0.jar:/Users/urvashimehta/.m2/repository/org/ow2/asm/asm/7.1/asm-7.1.jar:/Users/urvashimehta/.m2/repository/commons-validator/commons-validator/1.7/commons-validator-1.7.jar:/Users/urvashimehta/.m2/repository/commons-beanutils/commons-beanutils/1.9.4/commons-beanutils-1.9.4.jar:/Users/urvashimehta/.m2/repository/commons-digester/commons-digester/2.1/commons-digester-2.1.jar:/Users/urvashimehta/.m2/repository/commons-collections/commons-collections/3.2.2/commons-collections-3.2.2.jar:/Users/urvashimehta/.m2/repository/org/apache/commons/commons-lang3/3.11/commons-lang3-3.11.jar:/Users/urvashimehta/.m2/repository/commons-io/commons-io/2.8.0/commons-io-2.8.0.jar:/Users/urvashimehta/.m2/repository/org/springframework/spring-context/5.3.1/spring-context-5.3.1.jar:/Users/urvashimehta/.m2/repository/org/springframework/spring-aop/5.3.1/spring-aop-5.3.1.jar:/Users/urvashimehta/.m2/repository/org/springframework/spring-beans/5.3.1/spring-beans-5.3.1.jar:/Users/urvashimehta/.m2/repository/org/springframework/spring-core/5.3.1/spring-core-5.3.1.jar:/Users/urvashimehta/.m2/repository/org/springframework/spring-jcl/5.3.1/spring-jcl-5.3.1.jar:/Users/urvashimehta/.m2/repository/org/springframework/spring-expression/5.3.1/spring-expression-5.3.1.jar:/Users/urvashimehta/.m2/repository/org/aspectj/aspectjweaver/1.9.6/aspectjweaver-1.9.6.jar:/Users/urvashimehta/.m2/repository/org/slf4j/slf4j-api/1.7.30/slf4j-api-1.7.30.jar:/Users/urvashimehta/.m2/repository/org/seleniumhq/selenium/selenium-firefox-driver/4.0.0-alpha-7/selenium-firefox-driver-4.0.0-alpha-7.jar:/Users/urvashimehta/.m2/repository/org/testng/testng/6.8/testng-6.8.jar:/Users/urvashimehta/.m2/repository/junit/junit/4.10/junit-4.10.jar:/Users/urvashimehta/.m2/repository/org/hamcrest/hamcrest-core/1.1/hamcrest-core-1.1.jar:/Users/urvashimehta/.m2/repository/org/beanshell/bsh/2.0b4/bsh-2.0b4.jar:/Users/urvashimehta/.m2/repository/com/beust/jcommander/1.27/jcommander-1.27.jar:/Users/urvashimehta/.m2/repository/antlr/antlr/2.7.7/antlr-2.7.7.jar:/Users/urvashimehta/.m2/repository/org/apache/poi/poi/5.0.0/poi-5.0.0.jar:/Users/urvashimehta/.m2/repository/org/slf4j/jcl-over-slf4j/1.7.30/jcl-over-slf4j-1.7.30.jar:/Users/urvashimehta/.m2/repository/commons-codec/commons-codec/1.15/commons-codec-1.15.jar:/Users/urvashimehta/.m2/repository/org/apache/commons/commons-collections4/4.4/commons-collections4-4.4.jar:/Users/urvashimehta/.m2/repository/org/apache/commons/commons-math3/3.6.1/commons-math3-3.6.1.jar:/Users/urvashimehta/.m2/repository/com/zaxxer/SparseBitSet/1.2/SparseBitSet-1.2.jar:/Users/urvashimehta/.m2/repository/org/apache/poi/poi-ooxml/5.0.0/poi-ooxml-5.0.0.jar:/Users/urvashimehta/.m2/repository/org/apache/poi/poi-ooxml-lite/5.0.0/poi-ooxml-lite-5.0.0.jar:/Users/urvashimehta/.m2/repository/org/apache/xmlbeans/xmlbeans/4.0.0/xmlbeans-4.0.0.jar:/Users/urvashimehta/.m2/repository/org/apache/commons/commons-compress/1.20/commons-compress-1.20.jar:/Users/urvashimehta/.m2/repository/com/github/virtuald/curvesapi/1.06/curvesapi-1.06.jar:/Users/urvashimehta/.m2/repository/org/bouncycastle/bcpkix-jdk15on/1.68/bcpkix-jdk15on-1.68.jar:/Users/urvashimehta/.m2/repository/org/bouncycastle/bcprov-jdk15on/1.68/bcprov-jdk15on-1.68.jar:/Users/urvashimehta/.m2/repository/org/apache/santuario/xmlsec/2.2.1/xmlsec-2.2.1.jar:/Users/urvashimehta/.m2/repository/com/fasterxml/woodstox/woodstox-core/5.2.1/woodstox-core-5.2.1.jar:/Users/urvashimehta/.m2/repository/org/codehaus/woodstox/stax2-api/4.2/stax2-api-4.2.jar:/Users/urvashimehta/.m2/repository/jakarta/xml/bind/jakarta.xml.bind-api/2.3.2/jakarta.xml.bind-api-2.3.2.jar:/Users/urvashimehta/.m2/repository/jakarta/activation/jakarta.activation-api/1.2.1/jakarta.activation-api-1.2.1.jar:/Users/urvashimehta/.m2/repository/org/apache/xmlgraphics/batik-all/1.13/batik-all-1.13.jar:/Users/urvashimehta/.m2/repository/org/apache/xmlgraphics/batik-anim/1.13/batik-anim-1.13.jar:/Users/urvashimehta/.m2/repository/org/apache/xmlgraphics/batik-shared-resources/1.13/batik-shared-resources-1.13.jar:/Users/urvashimehta/.m2/repository/xml-apis/xml-apis-ext/1.3.04/xml-apis-ext-1.3.04.jar:/Users/urvashimehta/.m2/repository/org/apache/xmlgraphics/batik-awt-util/1.13/batik-awt-util-1.13.jar:/Users/urvashimehta/.m2/repository/org/apache/xmlgraphics/xmlgraphics-commons/2.4/xmlgraphics-commons-2.4.jar:/Users/urvashimehta/.m2/repository/org/apache/xmlgraphics/batik-bridge/1.13/batik-bridge-1.13.jar:/Users/urvashimehta/.m2/repository/org/apache/xmlgraphics/batik-codec/1.13/batik-codec-1.13.jar:/Users/urvashimehta/.m2/repository/org/apache/xmlgraphics/batik-constants/1.13/batik-constants-1.13.jar:/Users/urvashimehta/.m2/repository/org/apache/xmlgraphics/batik-css/1.13/batik-css-1.13.jar:/Users/urvashimehta/.m2/repository/org/apache/xmlgraphics/batik-dom/1.13/batik-dom-1.13.jar:/Users/urvashimehta/.m2/repository/xalan/xalan/2.7.2/xalan-2.7.2.jar:/Users/urvashimehta/.m2/repository/xalan/serializer/2.7.2/serializer-2.7.2.jar:/Users/urvashimehta/.m2/repository/xml-apis/xml-apis/1.4.01/xml-apis-1.4.01.jar:/Users/urvashimehta/.m2/repository/org/apache/xmlgraphics/batik-ext/1.13/batik-ext-1.13.jar:/Users/urvashimehta/.m2/repository/org/apache/xmlgraphics/batik-extension/1.13/batik-extension-1.13.jar:/Users/urvashimehta/.m2/repository/org/apache/xmlgraphics/batik-gui-util/1.13/batik-gui-util-1.13.jar:/Users/urvashimehta/.m2/repository/org/apache/xmlgraphics/batik-gvt/1.13/batik-gvt-1.13.jar:/Users/urvashimehta/.m2/repository/org/apache/xmlgraphics/batik-i18n/1.13/batik-i18n-1.13.jar:/Users/urvashimehta/.m2/repository/org/apache/xmlgraphics/batik-parser/1.13/batik-parser-1.13.jar:/Users/urvashimehta/.m2/repository/org/apache/xmlgraphics/batik-rasterizer-ext/1.13/batik-rasterizer-ext-1.13.jar:/Users/urvashimehta/.m2/repository/org/apache/xmlgraphics/batik-rasterizer/1.13/batik-rasterizer-1.13.jar:/Users/urvashimehta/.m2/repository/org/apache/xmlgraphics/batik-script/1.13/batik-script-1.13.jar:/Users/urvashimehta/.m2/repository/org/apache/xmlgraphics/batik-slideshow/1.13/batik-slideshow-1.13.jar:/Users/urvashimehta/.m2/repository/org/apache/xmlgraphics/batik-squiggle-ext/1.13/batik-squiggle-ext-1.13.jar:/Users/urvashimehta/.m2/repository/org/apache/xmlgraphics/batik-squiggle/1.13/batik-squiggle-1.13.jar:/Users/urvashimehta/.m2/repository/org/apache/xmlgraphics/batik-svg-dom/1.13/batik-svg-dom-1.13.jar:/Users/urvashimehta/.m2/repository/org/apache/xmlgraphics/batik-svgbrowser/1.13/batik-svgbrowser-1.13.jar:/Users/urvashimehta/.m2/repository/org/apache/xmlgraphics/batik-svggen/1.13/batik-svggen-1.13.jar:/Users/urvashimehta/.m2/repository/org/apache/xmlgraphics/batik-svgpp/1.13/batik-svgpp-1.13.jar:/Users/urvashimehta/.m2/repository/org/apache/xmlgraphics/batik-svgrasterizer/1.13/batik-svgrasterizer-1.13.jar:/Users/urvashimehta/.m2/repository/org/apache/xmlgraphics/batik-swing/1.13/batik-swing-1.13.jar:/Users/urvashimehta/.m2/repository/org/apache/xmlgraphics/batik-transcoder/1.13/batik-transcoder-1.13.jar:/Users/urvashimehta/.m2/repository/org/apache/xmlgraphics/batik-util/1.13/batik-util-1.13.jar:/Users/urvashimehta/.m2/repository/org/apache/xmlgraphics/batik-ttf2svg/1.13/batik-ttf2svg-1.13.jar:/Users/urvashimehta/.m2/repository/org/apache/xmlgraphics/batik-xml/1.13/batik-xml-1.13.jar:/Users/urvashimehta/.m2/repository/de/rototor/pdfbox/graphics2d/0.30/graphics2d-0.30.jar:/Users/urvashimehta/.m2/repository/org/apache/pdfbox/pdfbox/2.0.22/pdfbox-2.0.22.jar:/Users/urvashimehta/.m2/repository/org/apache/pdfbox/fontbox/2.0.22/fontbox-2.0.22.jar:"/>
    <property name="java.vm.vendor" value="Oracle Corporation"/>
    <property name="sun.arch.data.model" value="64"/>
    <property name="java.vendor.url" value="https://java.oracle.com/"/>
    <property name="os.name" value="Mac OS X"/>
    <property name="java.vm.specification.version" value="15"/>
    <property name="sun.java.launcher" value="SUN_STANDARD"/>
    <property name="user.country" value="US"/>
    <property name="sun.boot.library.path" value="/Users/urvashimehta/.p2/pool/plugins/org.eclipse.justj.openjdk.hotspot.jre.full.macosx.x86_64_15.0.2.v20210201-0955/jre/lib"/>
    <property name="sun.java.command" value="/Users/urvashimehta/eclipse-workspace/TestNGSessions/target/surefire/surefirebooter5168387615294685071.jar /Users/urvashimehta/eclipse-workspace/TestNGSessions/target/surefire 2021-03-02T22-22-13_966-jvmRun1 surefire2161064108647074193tmp surefire_02029276431591602846tmp"/>
    <property name="http.nonProxyHosts" value="local|*.local|169.254/16|*.169.254/16"/>
    <property name="jdk.debug" value="release"/>
    <property name="surefire.test.class.path" value="/Users/urvashimehta/eclipse-workspace/TestNGSessions/target/test-classes:/Users/urvashimehta/eclipse-workspace/TestNGSessions/target/classes:/Users/urvashimehta/.m2/repository/org/seleniumhq/selenium/selenium-server/4.0.0-alpha-2/selenium-server-4.0.0-alpha-2.jar:/Users/urvashimehta/.m2/repository/org/seleniumhq/selenium/selenium-java/4.0.0-alpha-2/selenium-java-4.0.0-alpha-2.jar:/Users/urvashimehta/.m2/repository/org/seleniumhq/selenium/selenium-edgehtml-driver/4.0.0-alpha-2/selenium-edgehtml-driver-4.0.0-alpha-2.jar:/Users/urvashimehta/.m2/repository/org/seleniumhq/selenium/selenium-edge-driver/4.0.0-alpha-2/selenium-edge-driver-4.0.0-alpha-2.jar:/Users/urvashimehta/.m2/repository/org/seleniumhq/selenium/selenium-firefox-xpi-driver/4.0.0-alpha-2/selenium-firefox-xpi-driver-4.0.0-alpha-2.jar:/Users/urvashimehta/.m2/repository/org/seleniumhq/selenium/selenium-ie-driver/4.0.0-alpha-2/selenium-ie-driver-4.0.0-alpha-2.jar:/Users/urvashimehta/.m2/repository/org/seleniumhq/selenium/selenium-opera-driver/4.0.0-alpha-2/selenium-opera-driver-4.0.0-alpha-2.jar:/Users/urvashimehta/.m2/repository/org/seleniumhq/selenium/selenium-safari-driver/4.0.0-alpha-2/selenium-safari-driver-4.0.0-alpha-2.jar:/Users/urvashimehta/.m2/repository/org/seleniumhq/selenium/grid/4.0.0-alpha-2/grid-4.0.0-alpha-2.jar:/Users/urvashimehta/.m2/repository/org/seleniumhq/selenium/jetty-repacked/9.4.12.v20180830.1/jetty-repacked-9.4.12.v20180830.1.jar:/Users/urvashimehta/.m2/repository/javax/servlet/javax.servlet-api/3.1.0/javax.servlet-api-3.1.0.jar:/Users/urvashimehta/.m2/repository/org/zeromq/jeromq/0.5.1/jeromq-0.5.1.jar:/Users/urvashimehta/.m2/repository/eu/neilalexander/jnacl/1.0.0/jnacl-1.0.0.jar:/Users/urvashimehta/.m2/repository/net/jcip/jcip-annotations/1.0/jcip-annotations-1.0.jar:/Users/urvashimehta/.m2/repository/org/yaml/snakeyaml/1.24/snakeyaml-1.24.jar:/Users/urvashimehta/.m2/repository/org/seleniumhq/selenium/selenium-chrome-driver/4.0.0-alpha-7/selenium-chrome-driver-4.0.0-alpha-7.jar:/Users/urvashimehta/.m2/repository/com/google/auto/service/auto-service-annotations/1.0-rc7/auto-service-annotations-1.0-rc7.jar:/Users/urvashimehta/.m2/repository/com/google/auto/service/auto-service/1.0-rc7/auto-service-1.0-rc7.jar:/Users/urvashimehta/.m2/repository/com/google/auto/auto-common/0.10/auto-common-0.10.jar:/Users/urvashimehta/.m2/repository/com/google/guava/guava/30.0-jre/guava-30.0-jre.jar:/Users/urvashimehta/.m2/repository/com/google/guava/failureaccess/1.0.1/failureaccess-1.0.1.jar:/Users/urvashimehta/.m2/repository/com/google/guava/listenablefuture/9999.0-empty-to-avoid-conflict-with-guava/listenablefuture-9999.0-empty-to-avoid-conflict-with-guava.jar:/Users/urvashimehta/.m2/repository/com/google/code/findbugs/jsr305/3.0.2/jsr305-3.0.2.jar:/Users/urvashimehta/.m2/repository/org/checkerframework/checker-qual/3.5.0/checker-qual-3.5.0.jar:/Users/urvashimehta/.m2/repository/com/google/errorprone/error_prone_annotations/2.3.4/error_prone_annotations-2.3.4.jar:/Users/urvashimehta/.m2/repository/com/google/j2objc/j2objc-annotations/1.3/j2objc-annotations-1.3.jar:/Users/urvashimehta/.m2/repository/org/seleniumhq/selenium/selenium-api/4.0.0-alpha-7/selenium-api-4.0.0-alpha-7.jar:/Users/urvashimehta/.m2/repository/org/seleniumhq/selenium/selenium-chromium-driver/4.0.0-alpha-7/selenium-chromium-driver-4.0.0-alpha-7.jar:/Users/urvashimehta/.m2/repository/org/seleniumhq/selenium/selenium-devtools/4.0.0-alpha-7/selenium-devtools-4.0.0-alpha-7.jar:/Users/urvashimehta/.m2/repository/org/seleniumhq/selenium/selenium-http/4.0.0-alpha-7/selenium-http-4.0.0-alpha-7.jar:/Users/urvashimehta/.m2/repository/org/seleniumhq/selenium/selenium-json/4.0.0-alpha-7/selenium-json-4.0.0-alpha-7.jar:/Users/urvashimehta/.m2/repository/org/seleniumhq/selenium/selenium-remote-driver/4.0.0-alpha-7/selenium-remote-driver-4.0.0-alpha-7.jar:/Users/urvashimehta/.m2/repository/com/typesafe/netty/netty-reactive-streams/2.0.4/netty-reactive-streams-2.0.4.jar:/Users/urvashimehta/.m2/repository/io/netty/netty-handler/4.1.43.Final/netty-handler-4.1.43.Final.jar:/Users/urvashimehta/.m2/repository/org/reactivestreams/reactive-streams/1.0.3/reactive-streams-1.0.3.jar:/Users/urvashimehta/.m2/repository/io/grpc/grpc-context/1.32.1/grpc-context-1.32.1.jar:/Users/urvashimehta/.m2/repository/io/netty/netty-buffer/4.1.53.Final/netty-buffer-4.1.53.Final.jar:/Users/urvashimehta/.m2/repository/io/netty/netty-codec-http/4.1.53.Final/netty-codec-http-4.1.53.Final.jar:/Users/urvashimehta/.m2/repository/io/netty/netty-codec/4.1.53.Final/netty-codec-4.1.53.Final.jar:/Users/urvashimehta/.m2/repository/io/netty/netty-common/4.1.53.Final/netty-common-4.1.53.Final.jar:/Users/urvashimehta/.m2/repository/io/netty/netty-transport-native-epoll/4.1.53.Final/netty-transport-native-epoll-4.1.53.Final.jar:/Users/urvashimehta/.m2/repository/io/netty/netty-transport-native-epoll/4.1.53.Final/netty-transport-native-epoll-4.1.53.Final-linux-x86_64.jar:/Users/urvashimehta/.m2/repository/io/netty/netty-transport-native-kqueue/4.1.53.Final/netty-transport-native-kqueue-4.1.53.Final.jar:/Users/urvashimehta/.m2/repository/io/netty/netty-transport-native-kqueue/4.1.53.Final/netty-transport-native-kqueue-4.1.53.Final-osx-x86_64.jar:/Users/urvashimehta/.m2/repository/io/netty/netty-transport-native-unix-common/4.1.53.Final/netty-transport-native-unix-common-4.1.53.Final.jar:/Users/urvashimehta/.m2/repository/io/netty/netty-transport/4.1.53.Final/netty-transport-4.1.53.Final.jar:/Users/urvashimehta/.m2/repository/io/netty/netty-resolver/4.1.53.Final/netty-resolver-4.1.53.Final.jar:/Users/urvashimehta/.m2/repository/io/opentelemetry/opentelemetry-api/0.9.1/opentelemetry-api-0.9.1.jar:/Users/urvashimehta/.m2/repository/io/opentelemetry/opentelemetry-context-prop/0.9.1/opentelemetry-context-prop-0.9.1.jar:/Users/urvashimehta/.m2/repository/io/opentelemetry/opentelemetry-sdk/0.9.1/opentelemetry-sdk-0.9.1.jar:/Users/urvashimehta/.m2/repository/io/opentelemetry/opentelemetry-sdk-common/0.9.1/opentelemetry-sdk-common-0.9.1.jar:/Users/urvashimehta/.m2/repository/io/opentelemetry/opentelemetry-sdk-baggage/0.9.1/opentelemetry-sdk-baggage-0.9.1.jar:/Users/urvashimehta/.m2/repository/io/opentelemetry/opentelemetry-sdk-metrics/0.9.1/opentelemetry-sdk-metrics-0.9.1.jar:/Users/urvashimehta/.m2/repository/io/opentelemetry/opentelemetry-sdk-tracing/0.9.1/opentelemetry-sdk-tracing-0.9.1.jar:/Users/urvashimehta/.m2/repository/io/projectreactor/netty/reactor-netty-http/1.0.0/reactor-netty-http-1.0.0.jar:/Users/urvashimehta/.m2/repository/io/netty/netty-codec-http2/4.1.53.Final/netty-codec-http2-4.1.53.Final.jar:/Users/urvashimehta/.m2/repository/io/netty/netty-resolver-dns/4.1.53.Final/netty-resolver-dns-4.1.53.Final.jar:/Users/urvashimehta/.m2/repository/io/netty/netty-codec-dns/4.1.53.Final/netty-codec-dns-4.1.53.Final.jar:/Users/urvashimehta/.m2/repository/io/projectreactor/netty/reactor-netty-core/1.0.0/reactor-netty-core-1.0.0.jar:/Users/urvashimehta/.m2/repository/io/projectreactor/netty/reactor-netty/1.0.0/reactor-netty-1.0.0.jar:/Users/urvashimehta/.m2/repository/io/projectreactor/netty/reactor-netty-http-brave/1.0.0/reactor-netty-http-brave-1.0.0.jar:/Users/urvashimehta/.m2/repository/io/zipkin/brave/brave-instrumentation-http/5.12.7/brave-instrumentation-http-5.12.7.jar:/Users/urvashimehta/.m2/repository/io/zipkin/brave/brave/5.12.7/brave-5.12.7.jar:/Users/urvashimehta/.m2/repository/io/zipkin/reporter2/zipkin-reporter-brave/2.15.2/zipkin-reporter-brave-2.15.2.jar:/Users/urvashimehta/.m2/repository/io/zipkin/reporter2/zipkin-reporter/2.15.2/zipkin-reporter-2.15.2.jar:/Users/urvashimehta/.m2/repository/io/zipkin/zipkin2/zipkin/2.21.7/zipkin-2.21.7.jar:/Users/urvashimehta/.m2/repository/io/projectreactor/reactor-core/3.4.0/reactor-core-3.4.0.jar:/Users/urvashimehta/.m2/repository/net/bytebuddy/byte-buddy/1.10.18/byte-buddy-1.10.18.jar:/Users/urvashimehta/.m2/repository/org/apache/commons/commons-exec/1.3/commons-exec-1.3.jar:/Users/urvashimehta/.m2/repository/org/asynchttpclient/async-http-client/2.12.1/async-http-client-2.12.1.jar:/Users/urvashimehta/.m2/repository/org/asynchttpclient/async-http-client-netty-utils/2.12.1/async-http-client-netty-utils-2.12.1.jar:/Users/urvashimehta/.m2/repository/io/netty/netty-codec-socks/4.1.48.Final/netty-codec-socks-4.1.48.Final.jar:/Users/urvashimehta/.m2/repository/io/netty/netty-handler-proxy/4.1.48.Final/netty-handler-proxy-4.1.48.Final.jar:/Users/urvashimehta/.m2/repository/com/sun/activation/javax.activation/1.2.0/javax.activation-1.2.0.jar:/Users/urvashimehta/.m2/repository/io/appium/java-client/7.4.1/java-client-7.4.1.jar:/Users/urvashimehta/.m2/repository/org/seleniumhq/selenium/selenium-support/3.141.59/selenium-support-3.141.59.jar:/Users/urvashimehta/.m2/repository/com/squareup/okhttp3/okhttp/3.11.0/okhttp-3.11.0.jar:/Users/urvashimehta/.m2/repository/com/squareup/okio/okio/1.14.0/okio-1.14.0.jar:/Users/urvashimehta/.m2/repository/com/google/code/gson/gson/2.8.6/gson-2.8.6.jar:/Users/urvashimehta/.m2/repository/org/apache/httpcomponents/httpclient/4.5.13/httpclient-4.5.13.jar:/Users/urvashimehta/.m2/repository/org/apache/httpcomponents/httpcore/4.4.13/httpcore-4.4.13.jar:/Users/urvashimehta/.m2/repository/commons-logging/commons-logging/1.2/commons-logging-1.2.jar:/Users/urvashimehta/.m2/repository/cglib/cglib/3.3.0/cglib-3.3.0.jar:/Users/urvashimehta/.m2/repository/org/ow2/asm/asm/7.1/asm-7.1.jar:/Users/urvashimehta/.m2/repository/commons-validator/commons-validator/1.7/commons-validator-1.7.jar:/Users/urvashimehta/.m2/repository/commons-beanutils/commons-beanutils/1.9.4/commons-beanutils-1.9.4.jar:/Users/urvashimehta/.m2/repository/commons-digester/commons-digester/2.1/commons-digester-2.1.jar:/Users/urvashimehta/.m2/repository/commons-collections/commons-collections/3.2.2/commons-collections-3.2.2.jar:/Users/urvashimehta/.m2/repository/org/apache/commons/commons-lang3/3.11/commons-lang3-3.11.jar:/Users/urvashimehta/.m2/repository/commons-io/commons-io/2.8.0/commons-io-2.8.0.jar:/Users/urvashimehta/.m2/repository/org/springframework/spring-context/5.3.1/spring-context-5.3.1.jar:/Users/urvashimehta/.m2/repository/org/springframework/spring-aop/5.3.1/spring-aop-5.3.1.jar:/Users/urvashimehta/.m2/repository/org/springframework/spring-beans/5.3.1/spring-beans-5.3.1.jar:/Users/urvashimehta/.m2/repository/org/springframework/spring-core/5.3.1/spring-core-5.3.1.jar:/Users/urvashimehta/.m2/repository/org/springframework/spring-jcl/5.3.1/spring-jcl-5.3.1.jar:/Users/urvashimehta/.m2/repository/org/springframework/spring-expression/5.3.1/spring-expression-5.3.1.jar:/Users/urvashimehta/.m2/repository/org/aspectj/aspectjweaver/1.9.6/aspectjweaver-1.9.6.jar:/Users/urvashimehta/.m2/repository/org/slf4j/slf4j-api/1.7.30/slf4j-api-1.7.30.jar:/Users/urvashimehta/.m2/repository/org/seleniumhq/selenium/selenium-firefox-driver/4.0.0-alpha-7/selenium-firefox-driver-4.0.0-alpha-7.jar:/Users/urvashimehta/.m2/repository/org/testng/testng/6.8/testng-6.8.jar:/Users/urvashimehta/.m2/repository/junit/junit/4.10/junit-4.10.jar:/Users/urvashimehta/.m2/repository/org/hamcrest/hamcrest-core/1.1/hamcrest-core-1.1.jar:/Users/urvashimehta/.m2/repository/org/beanshell/bsh/2.0b4/bsh-2.0b4.jar:/Users/urvashimehta/.m2/repository/com/beust/jcommander/1.27/jcommander-1.27.jar:/Users/urvashimehta/.m2/repository/antlr/antlr/2.7.7/antlr-2.7.7.jar:/Users/urvashimehta/.m2/repository/org/apache/poi/poi/5.0.0/poi-5.0.0.jar:/Users/urvashimehta/.m2/repository/org/slf4j/jcl-over-slf4j/1.7.30/jcl-over-slf4j-1.7.30.jar:/Users/urvashimehta/.m2/repository/commons-codec/commons-codec/1.15/commons-codec-1.15.jar:/Users/urvashimehta/.m2/repository/org/apache/commons/commons-collections4/4.4/commons-collections4-4.4.jar:/Users/urvashimehta/.m2/repository/org/apache/commons/commons-math3/3.6.1/commons-math3-3.6.1.jar:/Users/urvashimehta/.m2/repository/com/zaxxer/SparseBitSet/1.2/SparseBitSet-1.2.jar:/Users/urvashimehta/.m2/repository/org/apache/poi/poi-ooxml/5.0.0/poi-ooxml-5.0.0.jar:/Users/urvashimehta/.m2/repository/org/apache/poi/poi-ooxml-lite/5.0.0/poi-ooxml-lite-5.0.0.jar:/Users/urvashimehta/.m2/repository/org/apache/xmlbeans/xmlbeans/4.0.0/xmlbeans-4.0.0.jar:/Users/urvashimehta/.m2/repository/org/apache/commons/commons-compress/1.20/commons-compress-1.20.jar:/Users/urvashimehta/.m2/repository/com/github/virtuald/curvesapi/1.06/curvesapi-1.06.jar:/Users/urvashimehta/.m2/repository/org/bouncycastle/bcpkix-jdk15on/1.68/bcpkix-jdk15on-1.68.jar:/Users/urvashimehta/.m2/repository/org/bouncycastle/bcprov-jdk15on/1.68/bcprov-jdk15on-1.68.jar:/Users/urvashimehta/.m2/repository/org/apache/santuario/xmlsec/2.2.1/xmlsec-2.2.1.jar:/Users/urvashimehta/.m2/repository/com/fasterxml/woodstox/woodstox-core/5.2.1/woodstox-core-5.2.1.jar:/Users/urvashimehta/.m2/repository/org/codehaus/woodstox/stax2-api/4.2/stax2-api-4.2.jar:/Users/urvashimehta/.m2/repository/jakarta/xml/bind/jakarta.xml.bind-api/2.3.2/jakarta.xml.bind-api-2.3.2.jar:/Users/urvashimehta/.m2/repository/jakarta/activation/jakarta.activation-api/1.2.1/jakarta.activation-api-1.2.1.jar:/Users/urvashimehta/.m2/repository/org/apache/xmlgraphics/batik-all/1.13/batik-all-1.13.jar:/Users/urvashimehta/.m2/repository/org/apache/xmlgraphics/batik-anim/1.13/batik-anim-1.13.jar:/Users/urvashimehta/.m2/repository/org/apache/xmlgraphics/batik-shared-resources/1.13/batik-shared-resources-1.13.jar:/Users/urvashimehta/.m2/repository/xml-apis/xml-apis-ext/1.3.04/xml-apis-ext-1.3.04.jar:/Users/urvashimehta/.m2/repository/org/apache/xmlgraphics/batik-awt-util/1.13/batik-awt-util-1.13.jar:/Users/urvashimehta/.m2/repository/org/apache/xmlgraphics/xmlgraphics-commons/2.4/xmlgraphics-commons-2.4.jar:/Users/urvashimehta/.m2/repository/org/apache/xmlgraphics/batik-bridge/1.13/batik-bridge-1.13.jar:/Users/urvashimehta/.m2/repository/org/apache/xmlgraphics/batik-codec/1.13/batik-codec-1.13.jar:/Users/urvashimehta/.m2/repository/org/apache/xmlgraphics/batik-constants/1.13/batik-constants-1.13.jar:/Users/urvashimehta/.m2/repository/org/apache/xmlgraphics/batik-css/1.13/batik-css-1.13.jar:/Users/urvashimehta/.m2/repository/org/apache/xmlgraphics/batik-dom/1.13/batik-dom-1.13.jar:/Users/urvashimehta/.m2/repository/xalan/xalan/2.7.2/xalan-2.7.2.jar:/Users/urvashimehta/.m2/repository/xalan/serializer/2.7.2/serializer-2.7.2.jar:/Users/urvashimehta/.m2/repository/xml-apis/xml-apis/1.4.01/xml-apis-1.4.01.jar:/Users/urvashimehta/.m2/repository/org/apache/xmlgraphics/batik-ext/1.13/batik-ext-1.13.jar:/Users/urvashimehta/.m2/repository/org/apache/xmlgraphics/batik-extension/1.13/batik-extension-1.13.jar:/Users/urvashimehta/.m2/repository/org/apache/xmlgraphics/batik-gui-util/1.13/batik-gui-util-1.13.jar:/Users/urvashimehta/.m2/repository/org/apache/xmlgraphics/batik-gvt/1.13/batik-gvt-1.13.jar:/Users/urvashimehta/.m2/repository/org/apache/xmlgraphics/batik-i18n/1.13/batik-i18n-1.13.jar:/Users/urvashimehta/.m2/repository/org/apache/xmlgraphics/batik-parser/1.13/batik-parser-1.13.jar:/Users/urvashimehta/.m2/repository/org/apache/xmlgraphics/batik-rasterizer-ext/1.13/batik-rasterizer-ext-1.13.jar:/Users/urvashimehta/.m2/repository/org/apache/xmlgraphics/batik-rasterizer/1.13/batik-rasterizer-1.13.jar:/Users/urvashimehta/.m2/repository/org/apache/xmlgraphics/batik-script/1.13/batik-script-1.13.jar:/Users/urvashimehta/.m2/repository/org/apache/xmlgraphics/batik-slideshow/1.13/batik-slideshow-1.13.jar:/Users/urvashimehta/.m2/repository/org/apache/xmlgraphics/batik-squiggle-ext/1.13/batik-squiggle-ext-1.13.jar:/Users/urvashimehta/.m2/repository/org/apache/xmlgraphics/batik-squiggle/1.13/batik-squiggle-1.13.jar:/Users/urvashimehta/.m2/repository/org/apache/xmlgraphics/batik-svg-dom/1.13/batik-svg-dom-1.13.jar:/Users/urvashimehta/.m2/repository/org/apache/xmlgraphics/batik-svgbrowser/1.13/batik-svgbrowser-1.13.jar:/Users/urvashimehta/.m2/repository/org/apache/xmlgraphics/batik-svggen/1.13/batik-svggen-1.13.jar:/Users/urvashimehta/.m2/repository/org/apache/xmlgraphics/batik-svgpp/1.13/batik-svgpp-1.13.jar:/Users/urvashimehta/.m2/repository/org/apache/xmlgraphics/batik-svgrasterizer/1.13/batik-svgrasterizer-1.13.jar:/Users/urvashimehta/.m2/repository/org/apache/xmlgraphics/batik-swing/1.13/batik-swing-1.13.jar:/Users/urvashimehta/.m2/repository/org/apache/xmlgraphics/batik-transcoder/1.13/batik-transcoder-1.13.jar:/Users/urvashimehta/.m2/repository/org/apache/xmlgraphics/batik-util/1.13/batik-util-1.13.jar:/Users/urvashimehta/.m2/repository/org/apache/xmlgraphics/batik-ttf2svg/1.13/batik-ttf2svg-1.13.jar:/Users/urvashimehta/.m2/repository/org/apache/xmlgraphics/batik-xml/1.13/batik-xml-1.13.jar:/Users/urvashimehta/.m2/repository/de/rototor/pdfbox/graphics2d/0.30/graphics2d-0.30.jar:/Users/urvashimehta/.m2/repository/org/apache/pdfbox/pdfbox/2.0.22/pdfbox-2.0.22.jar:/Users/urvashimehta/.m2/repository/org/apache/pdfbox/fontbox/2.0.22/fontbox-2.0.22.jar:"/>
    <property name="sun.cpu.endian" value="little"/>
    <property name="user.home" value="/Users/urvashimehta"/>
    <property name="user.language" value="en"/>
    <property name="java.specification.vendor" value="Oracle Corporation"/>
    <property name="java.version.date" value="2021-01-19"/>
    <property name="java.home" value="/Users/urvashimehta/.p2/pool/plugins/org.eclipse.justj.openjdk.hotspot.jre.full.macosx.x86_64_15.0.2.v20210201-0955/jre"/>
    <property name="file.separator" value="/"/>
    <property name="basedir" value="/Users/urvashimehta/eclipse-workspace/TestNGSessions"/>
    <property name="java.vm.compressedOopsMode" value="Zero based"/>
    <property name="line.separator" value="&#10;"/>
    <property name="java.specification.name" value="Java Platform API Specification"/>
    <property name="java.vm.specification.vendor" value="Oracle Corporation"/>
    <property name="surefire.real.class.path" value="/Users/urvashimehta/eclipse-workspace/TestNGSessions/target/surefire/surefirebooter5168387615294685071.jar"/>
    <property name="sun.management.compiler" value="HotSpot 64-Bit Tiered Compilers"/>
    <property name="ftp.nonProxyHosts" value="local|*.local|169.254/16|*.169.254/16"/>
    <property name="java.runtime.version" value="15.0.2+7-27"/>
    <property name="user.name" value="urvashimehta"/>
    <property name="path.separator" value=":"/>
    <property name="os.version" value="10.15.3"/>
    <property name="java.runtime.name" value="OpenJDK Runtime Environment"/>
    <property name="file.encoding" value="UTF-8"/>
    <property name="java.vm.name" value="OpenJDK 64-Bit Server VM"/>
    <property name="localRepository" value="/Users/urvashimehta/.m2/repository"/>
    <property name="java.vendor.url.bug" value="https://bugreport.java.com/bugreport/"/>
    <property name="java.io.tmpdir" value="/var/folders/47/xblwcvtx5g35gc2vp8xpm43c0000gr/T/"/>
    <property name="java.version" value="15.0.2"/>
    <property name="user.dir" value="/Users/urvashimehta/eclipse-workspace/TestNGSessions"/>
    <property name="os.arch" value="x86_64"/>
    <property name="java.vm.specification.name" value="Java Virtual Machine Specification"/>
    <property name="java.library.path" value="/Users/urvashimehta/Library/Java/Extensions:/Library/Java/Extensions:/Network/Library/Java/Extensions:/System/Library/Java/Extensions:/usr/lib/java:."/>
    <property name="java.vm.info" value="mixed mode"/>
    <property name="java.vendor" value="Oracle Corporation"/>
    <property name="java.vm.version" value="15.0.2+7-27"/>
    <property name="sun.io.unicode.encoding" value="UnicodeBig"/>
    <property name="socksNonProxyHosts" value="local|*.local|169.254/16|*.169.254/16"/>
    <property name="java.class.version" value="59.0"/>
  </properties>
  <testcase name="setup" classname="com.qa.tests.Testngstart" time="0">
    <skipped message="&#10;Parameter &apos;url&apos; is required by @Test on method setup but has not been marked @Optional or defined&#10;in /Users/urvashimehta/eclipse-workspace/TestNGSessions/src/main/resources/testng.xml"/>
  </testcase>
  <testcase name="chkLoginIcon" classname="com.qa.tests.Testngstart" time="0">
    <skipped/>
  </testcase>
  <testcase name="chkLoginIcon" classname="com.qa.tests.DataProviderTest" time="0">
    <skipped message="java.lang.NullPointerException: Cannot invoke &quot;String.equalsIgnoreCase(String)&quot; because &quot;name&quot; is null"/>
  </testcase>
</testsuite>