<?xml version="1.0" encoding="UTF-8"?>
<!-- Generated by org.testng.reporters.JUnitReportReporter -->
<testsuite hostname="Nupurs-MacBook-Air-2.local" failures="0" tests="1" name="com.qa.tests.Testngstart" time="13.973" errors="0" timestamp="2021-03-25T16:08:03 PDT" skipped="0">
  <testcase classname="com.qa.tests.Testngstart" name="chkLogin" time="13.973"/>
  <system-out/>
</testsuite> <!-- com.qa.tests.Testngstart -->
