<?xml version="1.0" encoding="UTF-8"?>
<!-- Generated by org.testng.reporters.JUnitReportReporter -->
<testsuite hostname="Nupurs-MacBook-Air-2.local" failures="0" tests="9" name="com.qa.tests.DataProviderTest" time="108.507" errors="0" timestamp="2021-03-25T16:08:03 PDT" skipped="0">
  <testcase classname="com.qa.tests.DataProviderTest" name="chkLoginIcon" time="10.895"/>
  <system-out/>
  <testcase classname="com.qa.tests.DataProviderTest" name="chkLoginIcon" time="11.218"/>
  <system-out/>
  <testcase classname="com.qa.tests.DataProviderTest" name="chkLoginIcon" time="14.505"/>
  <system-out/>
  <testcase classname="com.qa.tests.DataProviderTest" name="chkLoginIcon" time="11.591"/>
  <system-out/>
  <testcase classname="com.qa.tests.DataProviderTest" name="chkLoginIcon" time="11.913"/>
  <system-out/>
  <testcase classname="com.qa.tests.DataProviderTest" name="chkLoginIcon" time="14.065"/>
  <system-out/>
  <testcase classname="com.qa.tests.DataProviderTest" name="chkLoginIcon" time="9.771"/>
  <system-out/>
  <testcase classname="com.qa.tests.DataProviderTest" name="chkLoginIcon" time="10.190"/>
  <system-out/>
  <testcase classname="com.qa.tests.DataProviderTest" name="chkLoginIcon" time="14.359"/>
  <system-out/>
</testsuite> <!-- com.qa.tests.DataProviderTest -->
